[debug] [2026-05-25T18:38:36.356Z] ----------------------------------------------------------------------
[debug] [2026-05-25T18:38:36.364Z] Command:       C:\Program Files\nodejs\node.exe C:\Users\HP\AppData\Roaming\npm\node_modules\firebase-tools\lib\bin\firebase.js deploy --only functions
[debug] [2026-05-25T18:38:36.365Z] CLI Version:   15.18.0
[debug] [2026-05-25T18:38:36.366Z] Platform:      win32
[debug] [2026-05-25T18:38:36.366Z] Node Version:  v24.13.1
[debug] [2026-05-25T18:38:36.366Z] Time:          Mon May 25 2026 15:38:36 GMT-0300 (Horário Padrão de Brasília)
[debug] [2026-05-25T18:38:36.367Z] ----------------------------------------------------------------------
[debug] 
[debug] [2026-05-25T18:38:39.829Z] > command requires scopes: ["email","openid","https://www.googleapis.com/auth/cloudplatformprojects.readonly","https://www.googleapis.com/auth/firebase","https://www.googleapis.com/auth/cloud-platform"]
[debug] [2026-05-25T18:38:39.830Z] > authorizing via signed-in user (victorferreira.s0307@gmail.com)
[debug] [2026-05-25T18:38:39.830Z] [iam] checking project actyra-67a77 for permissions ["cloudfunctions.functions.create","cloudfunctions.functions.delete","cloudfunctions.functions.get","cloudfunctions.functions.list","cloudfunctions.functions.update","cloudfunctions.operations.get","firebase.projects.get"]
[debug] [2026-05-25T18:38:39.833Z] Checked if tokens are valid: false, expires at: 1779729915044
[debug] [2026-05-25T18:38:39.833Z] Checked if tokens are valid: false, expires at: 1779729915044
[debug] [2026-05-25T18:38:39.833Z] > refreshing access token with scopes: []
[debug] [2026-05-25T18:38:39.837Z] >>> [apiv2][query] POST https://www.googleapis.com/oauth2/v3/token [none]
[debug] [2026-05-25T18:38:39.837Z] >>> [apiv2][body] POST https://www.googleapis.com/oauth2/v3/token [omitted]
[debug] [2026-05-25T18:38:40.089Z] <<< [apiv2][status] POST https://www.googleapis.com/oauth2/v3/token 200
[debug] [2026-05-25T18:38:40.090Z] <<< [apiv2][body] POST https://www.googleapis.com/oauth2/v3/token [omitted]
[debug] [2026-05-25T18:38:40.109Z] >>> [apiv2][query] POST https://cloudresourcemanager.googleapis.com/v1/projects/actyra-67a77:testIamPermissions [none]
[debug] [2026-05-25T18:38:40.109Z] >>> [apiv2][(partial)header] POST https://cloudresourcemanager.googleapis.com/v1/projects/actyra-67a77:testIamPermissions  x-goog-user-project=actyra-67a77
[debug] [2026-05-25T18:38:40.109Z] >>> [apiv2][body] POST https://cloudresourcemanager.googleapis.com/v1/projects/actyra-67a77:testIamPermissions {"permissions":["cloudfunctions.functions.create","cloudfunctions.functions.delete","cloudfunctions.functions.get","cloudfunctions.functions.list","cloudfunctions.functions.update","cloudfunctions.operations.get","firebase.projects.get"]}
[debug] [2026-05-25T18:38:41.061Z] <<< [apiv2][status] POST https://cloudresourcemanager.googleapis.com/v1/projects/actyra-67a77:testIamPermissions 200
[debug] [2026-05-25T18:38:41.061Z] <<< [apiv2][body] POST https://cloudresourcemanager.googleapis.com/v1/projects/actyra-67a77:testIamPermissions {"permissions":["cloudfunctions.functions.create","cloudfunctions.functions.delete","cloudfunctions.functions.get","cloudfunctions.functions.list","cloudfunctions.functions.update","cloudfunctions.operations.get","firebase.projects.get"]}
[debug] [2026-05-25T18:38:41.062Z] Checked if tokens are valid: true, expires at: 1779737919090
[debug] [2026-05-25T18:38:41.062Z] Checked if tokens are valid: true, expires at: 1779737919090
[debug] [2026-05-25T18:38:41.062Z] >>> [apiv2][query] POST https://iam.googleapis.com/v1/projects/actyra-67a77/serviceAccounts/actyra-67a77@appspot.gserviceaccount.com:testIamPermissions [none]
[debug] [2026-05-25T18:38:41.062Z] >>> [apiv2][body] POST https://iam.googleapis.com/v1/projects/actyra-67a77/serviceAccounts/actyra-67a77@appspot.gserviceaccount.com:testIamPermissions {"permissions":["iam.serviceAccounts.actAs"]}
[debug] [2026-05-25T18:38:42.017Z] <<< [apiv2][status] POST https://iam.googleapis.com/v1/projects/actyra-67a77/serviceAccounts/actyra-67a77@appspot.gserviceaccount.com:testIamPermissions 200
[debug] [2026-05-25T18:38:42.017Z] <<< [apiv2][body] POST https://iam.googleapis.com/v1/projects/actyra-67a77/serviceAccounts/actyra-67a77@appspot.gserviceaccount.com:testIamPermissions {"permissions":["iam.serviceAccounts.actAs"]}
[info] 
[info] === Deploying to 'actyra-67a77'...
[info] 
[info] i  deploying functions 
[info] Running command: npm --prefix "$RESOURCE_DIR" run build
